<?xml version="1.0" encoding="UTF-8"?>
<!-- Generated by org.testng.reporters.JUnitReportReporter -->
<testsuite hostname="Sasikumar" failures="0" tests="2" name="cucumberOptions.OneImplNGTester" time="10.242" errors="0" timestamp="2023-11-30T13:04:23 IST" skipped="0">
  <testcase classname="cucumberOptions.OneImplNGTester" name="runScenario" time="5.239"/>
  <testcase classname="cucumberOptions.OneImplNGTester" name="runScenario" time="5.003"/>
</testsuite> <!-- cucumberOptions.OneImplNGTester -->
