<?xml version="1.0" encoding="UTF-8"?>
<!-- Generated by org.testng.reporters.JUnitReportReporter -->
<testsuite hostname="Sasikumar" failures="0" tests="3" name="cucumberOptions.ExerciseTwoTestNGTester" time="10.652" errors="0" timestamp="2023-11-30T16:00:29 IST" skipped="0">
  <testcase classname="cucumberOptions.ExerciseTwoTestNGTester" name="runScenario" time="4.076"/>
  <testcase classname="cucumberOptions.ExerciseTwoTestNGTester" name="runScenario" time="2.623"/>
  <testcase classname="cucumberOptions.ExerciseTwoTestNGTester" name="runScenario" time="3.953"/>
</testsuite> <!-- cucumberOptions.ExerciseTwoTestNGTester -->
